{"/Users/damianmcneice/Documents/Group-Project/team3-backend/src/app.ts": {"path":"/Users/damianmcneice/Documents/Group-Project/team3-backend/src/app.ts","statementMap":{"0":{"start":{"line":3,"column":6},"end":{"line":3,"column":null}},"1":{"start":{"line":5,"column":0},"end":{"line":5,"column":null}},"2":{"start":{"line":7,"column":0},"end":{"line":9,"column":null}},"3":{"start":{"line":8,"column":2},"end":{"line":8,"column":null}}},"fnMap":{"0":{"name":"(anonymous_0)","decl":{"start":{"line":7,"column":8},"end":{"line":7,"column":20}},"loc":{"start":{"line":7,"column":33},"end":{"line":9,"column":1}},"line":7}},"branchMap":{},"s":{"0":1,"1":1,"2":1,"3":2},"f":{"0":2},"b":{},"meta":{"lastBranch":0,"lastFunction":1,"lastStatement":4,"seen":{"s:3:6:3:Infinity":0,"s:5:0:5:Infinity":1,"s:7:0:9:Infinity":2,"f:7:8:7:20":0,"s:8:2:8:Infinity":3},"fnNames":{}}}
}
